<?xml version="1.0" encoding="UTF-8"?>
<testng-results skipped="0" failed="0" ignored="0" total="1" passed="1">
  <reporter-output>
  </reporter-output>
  <suite name="Default suite" duration-ms="1184" started-at="2019-01-09T08:08:18Z" finished-at="2019-01-09T08:08:19Z">
    <groups>
    </groups>
    <test name="Default test" duration-ms="1184" started-at="2019-01-09T08:08:18Z" finished-at="2019-01-09T08:08:19Z">
      <class name="lab.PostAPI">
        <test-method status="PASS" signature="testPost()[pri:0, instance:lab.PostAPI@51565ec2]" name="testPost" duration-ms="1162" started-at="2019-01-09T15:08:18Z" finished-at="2019-01-09T15:08:19Z">
          <reporter-output>
          </reporter-output>
        </test-method> <!-- testPost -->
      </class> <!-- lab.PostAPI -->
    </test> <!-- Default test -->
  </suite> <!-- Default suite -->
</testng-results>
